DEBUG 2019-10-04 10:49:08.368 UTC: 	 Executing command: 'submit'
DEBUG 2019-10-04 10:49:08.389 UTC: 	 Found CRAB cache file /home/users/sdonato/.crab3
DEBUG 2019-10-04 10:49:08.407 UTC: 	 Checking credentials
DEBUG 2019-10-04 10:49:08.408 UTC: 	 Found proxy file /tmp/x509up_u9300
DEBUG 2019-10-04 10:49:08.408 UTC: 	 Getting proxy life time left
DEBUG 2019-10-04 10:49:09.916 UTC: 	 Executing : 
 command : voms-proxy-info -file /tmp/x509up_u9300 -timeleft
 output : 454671

 error: 
 retcode : 0
DEBUG 2019-10-04 10:49:11.024 UTC: 	 Executing : 
 command : voms-proxy-info -file /tmp/x509up_u9300 -actimeleft
 output : 454669

 error: 
 retcode : 0
DEBUG 2019-10-04 10:49:11.025 UTC: 	 Proxy lifetime 454671 secs is different from voms extension lifetime 454669 secs for proxy: /tmp/x509up_u9300
DEBUG 2019-10-04 10:49:11.025 UTC: 	 Proxy valid for 126:17:49 hours
DEBUG 2019-10-04 10:49:11.025 UTC: 	 Will use CRAB Analysis plugin (i.e. will run an analysis job type).
DEBUG 2019-10-04 10:55:37.163 UTC: 	 Executing command: 'submit'
DEBUG 2019-10-04 10:55:37.176 UTC: 	 Found CRAB cache file /home/users/sdonato/.crab3
DEBUG 2019-10-04 10:55:37.188 UTC: 	 Checking credentials
DEBUG 2019-10-04 10:55:37.189 UTC: 	 Found proxy file /tmp/x509up_u9300
DEBUG 2019-10-04 10:55:37.189 UTC: 	 Getting proxy life time left
DEBUG 2019-10-04 10:55:38.295 UTC: 	 Executing : 
 command : voms-proxy-info -file /tmp/x509up_u9300 -timeleft
 output : 454282

 error: 
 retcode : 0
DEBUG 2019-10-04 10:55:39.505 UTC: 	 Executing : 
 command : voms-proxy-info -file /tmp/x509up_u9300 -actimeleft
 output : 454280

 error: 
 retcode : 0
DEBUG 2019-10-04 10:55:39.506 UTC: 	 Proxy lifetime 454282 secs is different from voms extension lifetime 454280 secs for proxy: /tmp/x509up_u9300
DEBUG 2019-10-04 10:55:39.506 UTC: 	 Proxy valid for 126:11:20 hours
DEBUG 2019-10-04 10:55:39.507 UTC: 	 Will use CRAB Analysis plugin (i.e. will run an analysis job type).
